232 1853615-hw1-q2.log
7192 1853615-hw1-q2.log


232 1853615-hw1-q2.log
7192 1853615-hw1-q2.log


232 1853615-hw1-q2.log
7192 1853615-hw1-q2.log


232 1853615-hw1-q2.log
7192 1853615-hw1-q2.log


232 1853615-hw1-q2.log
7192 1853615-hw1-q2.log


232 1853615-hw1-q2.log
7192 1853615-hw1-q2.log


232 1853615-hw1-q2.log
7192 1853615-hw1-q2.log


232 1853615-hw1-q2.log
7192 1853615-hw1-q2.log


232 1853615-hw1-q2.log
7192 1853615-hw1-q2.log

232 1853615-hw1-q2.log
7192 1853615-hw1-q2.log
-991
232 1853615-hw1-q2.log
7192 1853615-hw1-q2.log
-991

232 1853615-hw1-q2.log
7192 1853615-hw1-q2.log
-991

232 1853615-hw1-q2.log
7192 1853615-hw1-q2.log
-991

232 1853615-hw1-q2.log
7192 1853615-hw1-q2.log
-991

232 1853615-hw1-q2.log
7192 1853615-hw1-q2.log
-991

232 1853615-hw1-q2.log
7192 1853615-hw1-q2.log
-991
232 1853615-hw1-q2.log
7192 1853615-hw1-q2.log
-991

232 1853615-hw1-q2.log
7192 1853615-hw1-q2.log
991

232 1853615-hw1-q2.log
7192 1853615-hw1-q2.log
991
0.0507
